device=cuda  steps=30000  bs=32  params=20
step     1/30000  loss 3.818  val-spec 3.838  val-pMAE 0.253  (0.1 it/s)  *saved
step   200/30000  loss 3.948  val-spec 3.664  val-pMAE 0.255  (5.2 it/s)  *saved
step   400/30000  loss 3.611  val-spec 3.451  val-pMAE 0.256  (6.0 it/s)  *saved
step   600/30000  loss 3.535  val-spec 3.176  val-pMAE 0.257  (6.3 it/s)  *saved
step   800/30000  loss 3.147  val-spec 2.728  val-pMAE 0.266  (6.5 it/s)  *saved
step  1000/30000  loss 2.906  val-spec 2.785  val-pMAE 0.262  (6.6 it/s)
step  1200/30000  loss 2.660  val-spec 2.422  val-pMAE 0.264  (6.7 it/s)  *saved
step  1400/30000  loss 2.521  val-spec 2.490  val-pMAE 0.266  (6.8 it/s)
step  1600/30000  loss 2.680  val-spec 2.244  val-pMAE 0.260  (6.8 it/s)  *saved
step  1800/30000  loss 2.475  val-spec 2.276  val-pMAE 0.262  (6.9 it/s)
step  2000/30000  loss 2.393  val-spec 2.262  val-pMAE 0.262  (7.0 it/s)
step  2200/30000  loss 2.926  val-spec 2.645  val-pMAE 0.270  (7.0 it/s)
step  2400/30000  loss 2.945  val-spec 2.588  val-pMAE 0.279  (7.0 it/s)
step  2600/30000  loss 2.419  val-spec 2.213  val-pMAE 0.255  (7.0 it/s)  *saved
step  2800/30000  loss 2.440  val-spec 2.232  val-pMAE 0.255  (7.0 it/s)
step  3000/30000  loss 2.376  val-spec 2.126  val-pMAE 0.250  (7.0 it/s)  *saved
step  3200/30000  loss 2.323  val-spec 2.142  val-pMAE 0.251  (7.0 it/s)
step  3400/30000  loss 2.187  val-spec 2.050  val-pMAE 0.254  (7.0 it/s)  *saved
step  3600/30000  loss 2.247  val-spec 2.160  val-pMAE 0.248  (7.0 it/s)
step  3800/30000  loss 2.459  val-spec 2.056  val-pMAE 0.247  (7.1 it/s)
step  4000/30000  loss 2.236  val-spec 2.152  val-pMAE 0.250  (7.1 it/s)
step  4200/30000  loss 2.369  val-spec 2.051  val-pMAE 0.248  (7.1 it/s)
step  4400/30000  loss 2.133  val-spec 1.985  val-pMAE 0.249  (7.1 it/s)  *saved
step  4600/30000  loss 2.900  val-spec 2.702  val-pMAE 0.306  (7.1 it/s)
step  4800/30000  loss 3.667  val-spec 3.389  val-pMAE 0.309  (7.1 it/s)
step  5000/30000  loss 3.503  val-spec 3.364  val-pMAE 0.286  (7.1 it/s)
step  5200/30000  loss 2.944  val-spec 2.885  val-pMAE 0.274  (7.1 it/s)
step  5400/30000  loss 2.722  val-spec 2.386  val-pMAE 0.267  (7.1 it/s)
step  5600/30000  loss 2.413  val-spec 2.305  val-pMAE 0.258  (7.1 it/s)
step  5800/30000  loss 2.827  val-spec 2.245  val-pMAE 0.264  (7.1 it/s)
step  6000/30000  loss 2.888  val-spec 2.831  val-pMAE 0.303  (7.1 it/s)
step  6200/30000  loss 3.469  val-spec 3.273  val-pMAE 0.282  (7.1 it/s)
step  6400/30000  loss 2.587  val-spec 2.349  val-pMAE 0.264  (7.1 it/s)
step  6600/30000  loss 2.516  val-spec 2.329  val-pMAE 0.267  (7.1 it/s)
step  6800/30000  loss 3.046  val-spec 2.572  val-pMAE 0.275  (7.2 it/s)
step  7000/30000  loss 2.754  val-spec 2.533  val-pMAE 0.273  (7.2 it/s)
step  7200/30000  loss 2.637  val-spec 2.274  val-pMAE 0.265  (7.2 it/s)
step  7400/30000  loss 2.807  val-spec 2.535  val-pMAE 0.276  (7.2 it/s)
step  7600/30000  loss 3.473  val-spec 2.828  val-pMAE 0.294  (7.2 it/s)
step  7800/30000  loss 2.800  val-spec 2.540  val-pMAE 0.295  (7.2 it/s)
step  8000/30000  loss 2.892  val-spec 2.670  val-pMAE 0.295  (7.2 it/s)
step  8200/30000  loss 2.597  val-spec 2.438  val-pMAE 0.273  (7.2 it/s)
step  8400/30000  loss 2.628  val-spec 2.417  val-pMAE 0.271  (7.2 it/s)
step  8600/30000  loss 2.419  val-spec 2.384  val-pMAE 0.277  (7.2 it/s)
step  8800/30000  loss 2.764  val-spec 2.444  val-pMAE 0.286  (7.3 it/s)
step  9000/30000  loss 3.062  val-spec 2.377  val-pMAE 0.271  (7.3 it/s)
step  9200/30000  loss 2.640  val-spec 2.510  val-pMAE 0.291  (7.3 it/s)
step  9400/30000  loss 2.652  val-spec 2.610  val-pMAE 0.285  (7.3 it/s)
step  9600/30000  loss 3.338  val-spec 2.837  val-pMAE 0.296  (7.3 it/s)
step  9800/30000  loss 2.902  val-spec 2.536  val-pMAE 0.282  (7.3 it/s)
step 10000/30000  loss 2.934  val-spec 2.521  val-pMAE 0.279  (7.3 it/s)
step 10200/30000  loss 3.060  val-spec 2.519  val-pMAE 0.269  (7.3 it/s)
step 10400/30000  loss 2.775  val-spec 2.480  val-pMAE 0.275  (7.3 it/s)
step 10600/30000  loss 2.832  val-spec 2.281  val-pMAE 0.273  (7.3 it/s)
step 10800/30000  loss 2.613  val-spec 2.376  val-pMAE 0.276  (7.3 it/s)
step 11000/30000  loss 2.670  val-spec 2.299  val-pMAE 0.275  (7.3 it/s)
step 11200/30000  loss 2.881  val-spec 2.332  val-pMAE 0.276  (7.3 it/s)
step 11400/30000  loss 2.657  val-spec 2.473  val-pMAE 0.288  (7.2 it/s)
step 11600/30000  loss 2.948  val-spec 2.355  val-pMAE 0.272  (7.2 it/s)
step 11800/30000  loss 2.429  val-spec 2.266  val-pMAE 0.273  (7.2 it/s)
step 12000/30000  loss 2.472  val-spec 2.251  val-pMAE 0.275  (7.2 it/s)
step 12200/30000  loss 2.633  val-spec 2.285  val-pMAE 0.280  (7.2 it/s)
step 12400/30000  loss 2.467  val-spec 2.284  val-pMAE 0.284  (7.2 it/s)
step 12600/30000  loss 2.809  val-spec 2.329  val-pMAE 0.278  (7.2 it/s)
step 12800/30000  loss 2.114  val-spec 2.223  val-pMAE 0.265  (7.2 it/s)
step 13000/30000  loss 2.510  val-spec 2.275  val-pMAE 0.275  (7.3 it/s)
step 13200/30000  loss 2.579  val-spec 2.532  val-pMAE 0.307  (7.3 it/s)
step 13400/30000  loss 2.650  val-spec 2.415  val-pMAE 0.298  (7.3 it/s)
step 13600/30000  loss 2.584  val-spec 2.257  val-pMAE 0.290  (7.3 it/s)
step 13800/30000  loss 2.359  val-spec 2.257  val-pMAE 0.285  (7.3 it/s)
step 14000/30000  loss 2.701  val-spec 2.518  val-pMAE 0.301  (7.3 it/s)
step 14200/30000  loss 2.955  val-spec 2.495  val-pMAE 0.306  (7.3 it/s)
step 14400/30000  loss 2.485  val-spec 2.381  val-pMAE 0.280  (7.3 it/s)
step 14600/30000  loss 2.826  val-spec 2.431  val-pMAE 0.284  (7.3 it/s)
step 14800/30000  loss 2.632  val-spec 2.456  val-pMAE 0.284  (7.3 it/s)
step 15000/30000  loss 2.681  val-spec 2.416  val-pMAE 0.280  (7.3 it/s)
step 15200/30000  loss 3.003  val-spec 2.407  val-pMAE 0.293  (7.3 it/s)
step 15400/30000  loss 2.670  val-spec 2.365  val-pMAE 0.284  (7.3 it/s)
step 15600/30000  loss 2.640  val-spec 2.427  val-pMAE 0.293  (7.3 it/s)
step 15800/30000  loss 2.723  val-spec 2.403  val-pMAE 0.287  (7.3 it/s)
step 16000/30000  loss 2.637  val-spec 2.295  val-pMAE 0.271  (7.3 it/s)
step 16200/30000  loss 2.722  val-spec 2.291  val-pMAE 0.271  (7.3 it/s)
step 16400/30000  loss 2.368  val-spec 2.233  val-pMAE 0.268  (7.3 it/s)
step 16600/30000  loss 2.871  val-spec 2.321  val-pMAE 0.283  (7.3 it/s)
step 16800/30000  loss 2.543  val-spec 2.296  val-pMAE 0.280  (7.3 it/s)
step 17000/30000  loss 2.802  val-spec 2.329  val-pMAE 0.286  (7.3 it/s)
step 17200/30000  loss 2.438  val-spec 2.308  val-pMAE 0.284  (7.3 it/s)
step 17400/30000  loss 2.711  val-spec 2.302  val-pMAE 0.287  (7.3 it/s)
step 17600/30000  loss 2.915  val-spec 2.288  val-pMAE 0.282  (7.3 it/s)
step 17800/30000  loss 2.537  val-spec 2.258  val-pMAE 0.275  (7.3 it/s)
step 18000/30000  loss 2.507  val-spec 2.296  val-pMAE 0.286  (7.3 it/s)
step 18200/30000  loss 2.801  val-spec 2.258  val-pMAE 0.275  (7.3 it/s)
step 18400/30000  loss 2.647  val-spec 2.199  val-pMAE 0.269  (7.3 it/s)
step 18600/30000  loss 2.339  val-spec 2.176  val-pMAE 0.265  (7.3 it/s)
step 18800/30000  loss 2.480  val-spec 2.201  val-pMAE 0.271  (7.3 it/s)
step 19000/30000  loss 2.607  val-spec 2.174  val-pMAE 0.266  (7.3 it/s)
step 19200/30000  loss 2.390  val-spec 2.198  val-pMAE 0.269  (7.3 it/s)
step 19400/30000  loss 2.414  val-spec 2.212  val-pMAE 0.274  (7.3 it/s)
step 19600/30000  loss 2.319  val-spec 2.206  val-pMAE 0.270  (7.3 it/s)
step 19800/30000  loss 2.498  val-spec 2.167  val-pMAE 0.270  (7.3 it/s)
step 20000/30000  loss 2.559  val-spec 2.233  val-pMAE 0.271  (7.3 it/s)
step 20200/30000  loss 2.586  val-spec 2.215  val-pMAE 0.274  (7.3 it/s)
step 20400/30000  loss 2.570  val-spec 2.196  val-pMAE 0.272  (7.3 it/s)
step 20600/30000  loss 2.577  val-spec 2.203  val-pMAE 0.272  (7.3 it/s)
step 20800/30000  loss 2.379  val-spec 2.191  val-pMAE 0.271  (7.3 it/s)
step 21000/30000  loss 2.500  val-spec 2.183  val-pMAE 0.270  (7.3 it/s)
step 21200/30000  loss 2.659  val-spec 2.230  val-pMAE 0.274  (7.3 it/s)
step 21400/30000  loss 2.574  val-spec 2.199  val-pMAE 0.277  (7.3 it/s)
step 21600/30000  loss 2.515  val-spec 2.228  val-pMAE 0.280  (7.3 it/s)
step 21800/30000  loss 2.426  val-spec 2.211  val-pMAE 0.278  (7.3 it/s)
step 22000/30000  loss 2.573  val-spec 2.199  val-pMAE 0.274  (7.3 it/s)
step 22200/30000  loss 2.493  val-spec 2.214  val-pMAE 0.279  (7.3 it/s)
step 22400/30000  loss 2.458  val-spec 2.198  val-pMAE 0.276  (7.3 it/s)
step 22600/30000  loss 2.572  val-spec 2.215  val-pMAE 0.277  (7.3 it/s)
step 22800/30000  loss 2.399  val-spec 2.194  val-pMAE 0.277  (7.3 it/s)
step 23000/30000  loss 2.366  val-spec 2.236  val-pMAE 0.280  (7.3 it/s)
step 23200/30000  loss 2.499  val-spec 2.204  val-pMAE 0.279  (7.3 it/s)
step 23400/30000  loss 2.389  val-spec 2.218  val-pMAE 0.278  (7.2 it/s)
step 23600/30000  loss 2.590  val-spec 2.205  val-pMAE 0.278  (7.2 it/s)
step 23800/30000  loss 2.539  val-spec 2.205  val-pMAE 0.280  (7.2 it/s)
step 24000/30000  loss 2.221  val-spec 2.207  val-pMAE 0.280  (7.2 it/s)
step 24200/30000  loss 2.450  val-spec 2.211  val-pMAE 0.280  (7.2 it/s)
step 24400/30000  loss 2.436  val-spec 2.196  val-pMAE 0.278  (7.2 it/s)
step 24600/30000  loss 2.860  val-spec 2.186  val-pMAE 0.274  (7.2 it/s)
step 24800/30000  loss 2.342  val-spec 2.191  val-pMAE 0.276  (7.2 it/s)
step 25000/30000  loss 2.565  val-spec 2.202  val-pMAE 0.277  (7.2 it/s)
step 25200/30000  loss 2.491  val-spec 2.205  val-pMAE 0.276  (7.2 it/s)
step 25400/30000  loss 2.573  val-spec 2.200  val-pMAE 0.276  (7.2 it/s)
step 25600/30000  loss 2.473  val-spec 2.182  val-pMAE 0.273  (7.2 it/s)
step 25800/30000  loss 2.535  val-spec 2.185  val-pMAE 0.275  (7.2 it/s)
step 26000/30000  loss 2.538  val-spec 2.189  val-pMAE 0.274  (7.2 it/s)
step 26200/30000  loss 2.526  val-spec 2.205  val-pMAE 0.275  (7.2 it/s)
step 26400/30000  loss 2.611  val-spec 2.195  val-pMAE 0.274  (7.2 it/s)
step 26600/30000  loss 2.382  val-spec 2.189  val-pMAE 0.273  (7.2 it/s)
step 26800/30000  loss 2.751  val-spec 2.199  val-pMAE 0.276  (7.2 it/s)
step 27000/30000  loss 2.432  val-spec 2.193  val-pMAE 0.275  (7.2 it/s)
step 27200/30000  loss 2.707  val-spec 2.181  val-pMAE 0.274  (7.2 it/s)
step 27400/30000  loss 2.315  val-spec 2.183  val-pMAE 0.276  (7.2 it/s)
step 27600/30000  loss 2.275  val-spec 2.184  val-pMAE 0.276  (7.2 it/s)
step 27800/30000  loss 2.442  val-spec 2.176  val-pMAE 0.274  (7.2 it/s)
step 28000/30000  loss 2.338  val-spec 2.177  val-pMAE 0.276  (7.2 it/s)
step 28200/30000  loss 2.677  val-spec 2.181  val-pMAE 0.275  (7.2 it/s)
step 28400/30000  loss 2.352  val-spec 2.178  val-pMAE 0.275  (7.2 it/s)
step 28600/30000  loss 2.539  val-spec 2.190  val-pMAE 0.276  (7.2 it/s)
step 28800/30000  loss 2.483  val-spec 2.183  val-pMAE 0.276  (7.2 it/s)
step 29000/30000  loss 2.487  val-spec 2.173  val-pMAE 0.275  (7.2 it/s)
step 29200/30000  loss 2.567  val-spec 2.186  val-pMAE 0.277  (7.2 it/s)
step 29400/30000  loss 2.349  val-spec 2.183  val-pMAE 0.276  (7.3 it/s)
step 29600/30000  loss 2.779  val-spec 2.190  val-pMAE 0.275  (7.3 it/s)
step 29800/30000  loss 2.505  val-spec 2.193  val-pMAE 0.275  (7.3 it/s)
step 30000/30000  loss 2.575  val-spec 2.195  val-pMAE 0.275  (7.3 it/s)
best val-spec 1.985 -> genonet_v3.pt
