device=cuda  steps=24000  bs=32  params=16
resumed from genonet.pt
step     1/24000  loss 1.542  val-spec 1.505  val-pMAE 0.184  (0.1 it/s)  *saved
step   200/24000  loss 1.709  val-spec 1.509  val-pMAE 0.184  (6.0 it/s)
step   400/24000  loss 1.642  val-spec 1.510  val-pMAE 0.184  (6.8 it/s)
step   600/24000  loss 1.575  val-spec 1.509  val-pMAE 0.184  (7.2 it/s)
step   800/24000  loss 1.751  val-spec 1.526  val-pMAE 0.184  (7.3 it/s)
step  1000/24000  loss 1.646  val-spec 1.539  val-pMAE 0.187  (7.1 it/s)
step  1200/24000  loss 1.703  val-spec 1.560  val-pMAE 0.188  (7.3 it/s)
step  1400/24000  loss 1.705  val-spec 1.551  val-pMAE 0.184  (7.4 it/s)
step  1600/24000  loss 1.655  val-spec 1.553  val-pMAE 0.188  (7.5 it/s)
step  1800/24000  loss 1.459  val-spec 1.568  val-pMAE 0.188  (7.5 it/s)
step  2000/24000  loss 1.683  val-spec 1.618  val-pMAE 0.191  (7.6 it/s)
step  2200/24000  loss 1.515  val-spec 1.572  val-pMAE 0.190  (7.6 it/s)
step  2400/24000  loss 1.594  val-spec 1.569  val-pMAE 0.187  (7.6 it/s)
step  2600/24000  loss 1.540  val-spec 1.560  val-pMAE 0.188  (7.7 it/s)
step  2800/24000  loss 1.647  val-spec 1.543  val-pMAE 0.183  (7.7 it/s)
step  3000/24000  loss 1.451  val-spec 1.561  val-pMAE 0.183  (7.7 it/s)
step  3200/24000  loss 1.527  val-spec 1.527  val-pMAE 0.182  (7.7 it/s)
step  3400/24000  loss 1.575  val-spec 1.566  val-pMAE 0.183  (7.8 it/s)
step  3600/24000  loss 1.720  val-spec 1.560  val-pMAE 0.184  (7.8 it/s)
step  3800/24000  loss 1.627  val-spec 1.531  val-pMAE 0.186  (7.8 it/s)
step  4000/24000  loss 1.612  val-spec 1.541  val-pMAE 0.181  (7.8 it/s)
step  4200/24000  loss 1.657  val-spec 1.554  val-pMAE 0.183  (7.8 it/s)
step  4400/24000  loss 1.630  val-spec 1.526  val-pMAE 0.182  (7.8 it/s)
step  4600/24000  loss 1.646  val-spec 1.537  val-pMAE 0.180  (7.8 it/s)
step  4800/24000  loss 1.644  val-spec 1.555  val-pMAE 0.182  (7.8 it/s)
step  5000/24000  loss 1.757  val-spec 1.531  val-pMAE 0.180  (7.8 it/s)
step  5200/24000  loss 1.615  val-spec 1.525  val-pMAE 0.177  (7.8 it/s)
step  5400/24000  loss 1.632  val-spec 1.505  val-pMAE 0.178  (7.8 it/s)  *saved
step  5600/24000  loss 1.543  val-spec 1.536  val-pMAE 0.184  (7.8 it/s)
step  5800/24000  loss 1.589  val-spec 1.523  val-pMAE 0.179  (7.9 it/s)
step  6000/24000  loss 1.585  val-spec 1.534  val-pMAE 0.178  (7.9 it/s)
step  6200/24000  loss 1.742  val-spec 1.520  val-pMAE 0.175  (7.9 it/s)
step  6400/24000  loss 1.648  val-spec 1.515  val-pMAE 0.176  (7.9 it/s)
step  6600/24000  loss 1.762  val-spec 1.508  val-pMAE 0.178  (7.9 it/s)
step  6800/24000  loss 1.545  val-spec 1.503  val-pMAE 0.175  (7.9 it/s)  *saved
step  7000/24000  loss 1.650  val-spec 1.508  val-pMAE 0.173  (7.9 it/s)
step  7200/24000  loss 1.633  val-spec 1.523  val-pMAE 0.175  (7.9 it/s)
step  7400/24000  loss 1.631  val-spec 1.493  val-pMAE 0.172  (7.9 it/s)  *saved
step  7600/24000  loss 1.423  val-spec 1.504  val-pMAE 0.172  (7.9 it/s)
step  7800/24000  loss 1.588  val-spec 1.486  val-pMAE 0.172  (7.9 it/s)  *saved
step  8000/24000  loss 1.614  val-spec 1.492  val-pMAE 0.172  (7.9 it/s)
step  8200/24000  loss 1.769  val-spec 1.515  val-pMAE 0.174  (7.9 it/s)
step  8400/24000  loss 1.523  val-spec 1.494  val-pMAE 0.174  (7.9 it/s)
step  8600/24000  loss 1.685  val-spec 1.472  val-pMAE 0.172  (7.9 it/s)  *saved
step  8800/24000  loss 1.566  val-spec 1.492  val-pMAE 0.173  (7.9 it/s)
step  9000/24000  loss 1.634  val-spec 1.536  val-pMAE 0.175  (7.9 it/s)
step  9200/24000  loss 1.578  val-spec 1.477  val-pMAE 0.169  (7.9 it/s)
step  9400/24000  loss 1.640  val-spec 1.507  val-pMAE 0.173  (7.9 it/s)
step  9600/24000  loss 1.568  val-spec 1.500  val-pMAE 0.174  (7.9 it/s)
step  9800/24000  loss 1.538  val-spec 1.479  val-pMAE 0.172  (7.9 it/s)
step 10000/24000  loss 1.561  val-spec 1.471  val-pMAE 0.170  (7.8 it/s)  *saved
step 10200/24000  loss 1.502  val-spec 1.494  val-pMAE 0.171  (7.8 it/s)
step 10400/24000  loss 1.450  val-spec 1.490  val-pMAE 0.171  (7.8 it/s)
step 10600/24000  loss 1.526  val-spec 1.484  val-pMAE 0.171  (7.8 it/s)
step 10800/24000  loss 1.575  val-spec 1.495  val-pMAE 0.171  (7.7 it/s)
step 11000/24000  loss 1.503  val-spec 1.458  val-pMAE 0.166  (7.7 it/s)  *saved
step 11200/24000  loss 1.439  val-spec 1.470  val-pMAE 0.167  (7.7 it/s)
step 11400/24000  loss 1.567  val-spec 1.474  val-pMAE 0.168  (7.7 it/s)
step 11600/24000  loss 1.566  val-spec 1.466  val-pMAE 0.170  (7.7 it/s)
step 11800/24000  loss 1.636  val-spec 1.472  val-pMAE 0.171  (7.7 it/s)
step 12000/24000  loss 1.302  val-spec 1.471  val-pMAE 0.168  (7.7 it/s)
step 12200/24000  loss 1.481  val-spec 1.461  val-pMAE 0.167  (7.7 it/s)
step 12400/24000  loss 1.457  val-spec 1.461  val-pMAE 0.166  (7.7 it/s)
step 12600/24000  loss 1.503  val-spec 1.454  val-pMAE 0.166  (7.7 it/s)  *saved
step 12800/24000  loss 1.680  val-spec 1.453  val-pMAE 0.166  (7.7 it/s)  *saved
step 13000/24000  loss 1.475  val-spec 1.458  val-pMAE 0.167  (7.7 it/s)
step 13200/24000  loss 1.481  val-spec 1.453  val-pMAE 0.166  (7.7 it/s)  *saved
step 13400/24000  loss 1.479  val-spec 1.471  val-pMAE 0.165  (7.7 it/s)
step 13600/24000  loss 1.575  val-spec 1.446  val-pMAE 0.165  (7.7 it/s)  *saved
step 13800/24000  loss 1.410  val-spec 1.453  val-pMAE 0.164  (7.7 it/s)
step 14000/24000  loss 1.446  val-spec 1.452  val-pMAE 0.165  (7.8 it/s)
step 14200/24000  loss 1.421  val-spec 1.440  val-pMAE 0.164  (7.8 it/s)  *saved
step 14400/24000  loss 1.521  val-spec 1.441  val-pMAE 0.165  (7.8 it/s)
step 14600/24000  loss 1.543  val-spec 1.448  val-pMAE 0.165  (7.8 it/s)
step 14800/24000  loss 1.648  val-spec 1.445  val-pMAE 0.162  (7.8 it/s)
step 15000/24000  loss 1.573  val-spec 1.454  val-pMAE 0.163  (7.8 it/s)
step 15200/24000  loss 1.585  val-spec 1.438  val-pMAE 0.162  (7.8 it/s)  *saved
step 15400/24000  loss 1.465  val-spec 1.441  val-pMAE 0.163  (7.8 it/s)
step 15600/24000  loss 1.472  val-spec 1.439  val-pMAE 0.162  (7.8 it/s)
step 15800/24000  loss 1.577  val-spec 1.443  val-pMAE 0.162  (7.8 it/s)
step 16000/24000  loss 1.420  val-spec 1.431  val-pMAE 0.162  (7.8 it/s)  *saved
step 16200/24000  loss 1.338  val-spec 1.435  val-pMAE 0.163  (7.8 it/s)
step 16400/24000  loss 1.429  val-spec 1.431  val-pMAE 0.162  (7.8 it/s)  *saved
step 16600/24000  loss 1.561  val-spec 1.429  val-pMAE 0.160  (7.8 it/s)  *saved
step 16800/24000  loss 1.546  val-spec 1.437  val-pMAE 0.160  (7.8 it/s)
step 17000/24000  loss 1.648  val-spec 1.428  val-pMAE 0.160  (7.8 it/s)  *saved
step 17200/24000  loss 1.448  val-spec 1.437  val-pMAE 0.159  (7.8 it/s)
step 17400/24000  loss 1.587  val-spec 1.435  val-pMAE 0.161  (7.8 it/s)
step 17600/24000  loss 1.439  val-spec 1.430  val-pMAE 0.160  (7.8 it/s)
step 17800/24000  loss 1.303  val-spec 1.425  val-pMAE 0.159  (7.8 it/s)  *saved
step 18000/24000  loss 1.415  val-spec 1.423  val-pMAE 0.159  (7.8 it/s)  *saved
step 18200/24000  loss 1.558  val-spec 1.424  val-pMAE 0.160  (7.8 it/s)
step 18400/24000  loss 1.533  val-spec 1.425  val-pMAE 0.160  (7.8 it/s)
step 18600/24000  loss 1.412  val-spec 1.419  val-pMAE 0.159  (7.8 it/s)  *saved
step 18800/24000  loss 1.456  val-spec 1.420  val-pMAE 0.158  (7.8 it/s)
step 19000/24000  loss 1.431  val-spec 1.421  val-pMAE 0.159  (7.8 it/s)
step 19200/24000  loss 1.419  val-spec 1.419  val-pMAE 0.159  (7.8 it/s)
step 19400/24000  loss 1.463  val-spec 1.422  val-pMAE 0.158  (7.8 it/s)
step 19600/24000  loss 1.295  val-spec 1.418  val-pMAE 0.158  (7.8 it/s)  *saved
step 19800/24000  loss 1.423  val-spec 1.420  val-pMAE 0.159  (7.8 it/s)
step 20000/24000  loss 1.336  val-spec 1.419  val-pMAE 0.158  (7.8 it/s)
step 20200/24000  loss 1.540  val-spec 1.418  val-pMAE 0.159  (7.8 it/s)
step 20400/24000  loss 1.386  val-spec 1.423  val-pMAE 0.159  (7.8 it/s)
step 20600/24000  loss 1.533  val-spec 1.419  val-pMAE 0.159  (7.8 it/s)
step 20800/24000  loss 1.570  val-spec 1.415  val-pMAE 0.158  (7.8 it/s)  *saved
step 21000/24000  loss 1.501  val-spec 1.415  val-pMAE 0.159  (7.8 it/s)  *saved
step 21200/24000  loss 1.454  val-spec 1.415  val-pMAE 0.159  (7.8 it/s)
step 21400/24000  loss 1.489  val-spec 1.414  val-pMAE 0.157  (7.8 it/s)  *saved
step 21600/24000  loss 1.427  val-spec 1.412  val-pMAE 0.158  (7.8 it/s)  *saved
step 21800/24000  loss 1.534  val-spec 1.415  val-pMAE 0.158  (7.8 it/s)
step 22000/24000  loss 1.529  val-spec 1.412  val-pMAE 0.158  (7.8 it/s)
step 22200/24000  loss 1.477  val-spec 1.412  val-pMAE 0.158  (7.8 it/s)  *saved
step 22400/24000  loss 1.429  val-spec 1.413  val-pMAE 0.157  (7.8 it/s)
step 22600/24000  loss 1.343  val-spec 1.413  val-pMAE 0.159  (7.8 it/s)
step 22800/24000  loss 1.645  val-spec 1.414  val-pMAE 0.158  (7.8 it/s)
step 23000/24000  loss 1.365  val-spec 1.413  val-pMAE 0.158  (7.8 it/s)
step 23200/24000  loss 1.574  val-spec 1.416  val-pMAE 0.159  (7.8 it/s)
step 23400/24000  loss 1.401  val-spec 1.412  val-pMAE 0.158  (7.8 it/s)  *saved
step 23600/24000  loss 1.420  val-spec 1.412  val-pMAE 0.159  (7.8 it/s)
step 23800/24000  loss 1.593  val-spec 1.415  val-pMAE 0.159  (7.8 it/s)
step 24000/24000  loss 1.541  val-spec 1.414  val-pMAE 0.159  (7.8 it/s)
best val-spec 1.412 -> genonet_v2.pt
